<?xml version="1.0" encoding="UTF-8"?>
<!-- Generated by org.testng.reporters.JUnitXMLReporter -->
<testsuite ignored="1" hostname="Muhammads-MBP.communityfibre.co.uk" failures="0" tests="1" name="Default test" time="1.746" errors="0" timestamp="2026-08-24T00:15:35 BST">
  <testcase classname="com.qa.api.gorest.tests.CreateAUserTest" name="createAUserTest" time="1.476"/>
  <testcase classname="com.qa.api.gorest.tests.CreateAUserTest" name="createAUserTestWithStringBody" time="0.0">
    <ignored/>
  </testcase> <!-- createAUserTestWithStringBody -->
</testsuite> <!-- Default test -->
